{"level":"info","message":"⌛ Building environment","timeElapsed":156,"timestamp":"2024-05-22T21:32:10.067Z"}
{"level":"info","message":"onRequest - WORKSPACE_URI:file:///home/dodain/workspace/wollok-dev/wollok-workspace/migracion-proyectos/pacmanBasicGame","timestamp":"2024-05-22T21:32:10.073Z"}
{"error":["wollok.lang.EvaluationError wrapping TypeScript Error: Could not resolve reference to pacman or its a reference to void","  at pgmProgram.pacman [pgmProgram.wpgm:4]"],"level":"info","message":"👾 Game executed pgmProgram.pacman on /home/dodain/workspace/wollok-dev/wollok-workspace/migracion-proyectos/pacmanBasicGame","ok":false,"timeElapsed":273,"timestamp":"2024-05-22T21:32:33.831Z"}
{"level":"info","message":"onRequest - STRONG_FILES_CHANGED:/home/dodain/workspace/wollok-dev/wollok-workspace/migracion-proyectos/pacmanBasicGame/xx.wtest","timestamp":"2024-05-22T21:32:57.671Z"}
{"level":"info","message":"onRequest - WORKSPACE_URI:file:///home/dodain/workspace/wollok-dev/wollok-workspace/migracion-proyectos/pacmanBasicGame","timestamp":"2024-05-22T21:32:57.840Z"}
{"level":"info","message":"Removing diagnostics from /home/dodain/workspace/wollok-dev/wollok-workspace/migracion-proyectos/pacmanBasicGame/xx.wtest","timestamp":"2024-05-22T21:32:57.929Z"}
{"exitCode":"SIGHUP","level":"info","message":"👾 Game executed pgmProgram.pacman on /home/dodain/workspace/wollok-dev/wollok-workspace/migracion-proyectos/pacmanBasicGame","timeElapsed":38040,"timestamp":"2024-05-22T21:33:11.597Z"}
{"exitCode":"Folder image /home/dodain/workspace/wollok-dev/wollok-workspace/migracion-proyectos/pacmanBasicGame/assets does not exist","level":"info","message":"👾 Game executed pgmProgram.pacmanGame on /home/dodain/workspace/wollok-dev/wollok-workspace/migracion-proyectos/pacmanBasicGame","timeElapsed":862,"timestamp":"2024-05-22T21:33:12.719Z"}
{"exitCode":"Folder image /home/dodain/workspace/wollok-dev/wollok-workspace/migracion-proyectos/pacmanBasicGame/assets does not exist","level":"info","message":"👾 Game executed pgmProgram.pacmanGame on /home/dodain/workspace/wollok-dev/wollok-workspace/migracion-proyectos/pacmanBasicGame","timeElapsed":263,"timestamp":"2024-05-22T21:33:29.588Z"}
{"level":"info","message":"⌛ Building environment","timeElapsed":135,"timestamp":"2024-05-23T00:58:50.159Z"}
{"level":"info","message":"onRequest - WORKSPACE_URI:file:///home/dodain/workspace/wollok-dev/wollok-workspace/migracion-proyectos/pacmanBasicGame","timestamp":"2024-05-23T00:58:50.161Z"}
{"exitCode":"Folder image /home/dodain/workspace/wollok-dev/wollok-workspace/migracion-proyectos/pacmanBasicGame/assets does not exist","level":"info","message":"👾 Game executed pgmProgram.pacmanGame on /home/dodain/workspace/wollok-dev/wollok-workspace/migracion-proyectos/pacmanBasicGame","timeElapsed":18166,"timestamp":"2024-05-23T00:59:19.234Z"}
{"level":"info","message":"onRequest - STRONG_FILES_CHANGED:/home/dodain/workspace/wollok-dev/wollok-workspace/migracion-proyectos/pacmanBasicGame/videos/sourceFolder.gif","timestamp":"2024-05-23T01:03:34.326Z"}
{"level":"info","message":"onRequest - WORKSPACE_URI:file:///home/dodain/workspace/wollok-dev/wollok-workspace/migracion-proyectos/pacmanBasicGame","timestamp":"2024-05-23T01:03:34.540Z"}
{"level":"info","message":"Removing diagnostics from /home/dodain/workspace/wollok-dev/wollok-workspace/migracion-proyectos/pacmanBasicGame/videos/sourceFolder.gif","timestamp":"2024-05-23T01:03:34.630Z"}
{"level":"info","message":"onRequest - STRONG_FILES_CHANGED:/home/dodain/workspace/wollok-dev/wollok-workspace/migracion-proyectos/pacmanBasicGame/videos/firstGame.gif","timestamp":"2024-05-23T01:05:33.586Z"}
{"level":"info","message":"onRequest - WORKSPACE_URI:file:///home/dodain/workspace/wollok-dev/wollok-workspace/migracion-proyectos/pacmanBasicGame","timestamp":"2024-05-23T01:05:33.818Z"}
{"level":"info","message":"Removing diagnostics from /home/dodain/workspace/wollok-dev/wollok-workspace/migracion-proyectos/pacmanBasicGame/videos/firstGame.gif","timestamp":"2024-05-23T01:05:33.892Z"}
{"level":"info","message":"⌛ Building environment","timeElapsed":5490,"timestamp":"2025-09-02T13:06:32.216Z"}
{"level":"info","message":"⌛ Building environment","timeElapsed":4898,"timestamp":"2025-09-02T13:06:37.425Z"}
{"level":"info","message":"⌛ Building environment","timeElapsed":2522,"timestamp":"2025-09-02T13:06:40.009Z"}
{"level":"info","message":"⌛ Validating example.wlk","timeElapsed":3237,"timestamp":"2025-09-02T13:06:43.251Z"}
{"level":"info","message":"⌛ Building environment","timeElapsed":2857,"timestamp":"2025-09-02T13:06:46.114Z"}
{"level":"info","message":"⌛ Validating pgmProgram.wpgm","timeElapsed":4188,"timestamp":"2025-09-02T13:06:51.279Z"}
{"level":"info","message":"⌛ Validating pgmProgram.wpgm","timeElapsed":1657,"timestamp":"2025-09-02T13:06:53.737Z"}
{"level":"info","message":"⌛ Building environment","timeElapsed":830,"timestamp":"2025-09-02T13:06:54.817Z"}
{"level":"info","message":"⌛ Validating example.wlk","timeElapsed":1156,"timestamp":"2025-09-02T13:06:56.168Z"}
{"level":"info","message":"⌛ Building environment","timeElapsed":2197,"timestamp":"2025-09-02T13:21:06.998Z"}
{"level":"info","message":"⌛ Validating example.wlk","timeElapsed":4357,"timestamp":"2025-09-02T13:21:11.877Z"}
{"level":"info","message":"⌛ Building environment","timeElapsed":956,"timestamp":"2025-09-02T13:21:17.051Z"}
{"level":"info","message":"⌛ Validating example.wlk","timeElapsed":1786,"timestamp":"2025-09-02T13:21:18.978Z"}
{"level":"info","message":"⌛ Building environment","timeElapsed":2101,"timestamp":"2025-09-02T13:22:57.055Z"}
{"level":"info","message":"⌛ Validating example.wlk","timeElapsed":1794,"timestamp":"2025-09-02T13:22:58.980Z"}
{"level":"info","message":"⌛ Building environment","timeElapsed":1935,"timestamp":"2025-09-02T13:23:03.087Z"}
{"level":"info","message":"⌛ Validating pgmProgram.wpgm","timeElapsed":2135,"timestamp":"2025-09-02T13:23:05.603Z"}
{"level":"info","message":"⌛ Building environment","timeElapsed":1424,"timestamp":"2025-09-02T13:23:12.120Z"}
{"level":"info","message":"⌛ Validating example.wlk","timeElapsed":4693,"timestamp":"2025-09-02T13:23:18.012Z"}
{"level":"info","message":"⌛ Building environment","timeElapsed":1094,"timestamp":"2025-09-02T13:23:19.144Z"}
{"level":"info","message":"⌛ Validating pgmProgram.wpgm","timeElapsed":1144,"timestamp":"2025-09-02T13:23:20.472Z"}
{"level":"info","message":"🚀 Program executed \u001b[3m\u001b[34mpgmProgram.pacmanGame\u001b[39m\u001b[23m on \u001b[3m\u001b[34mc:\\Users\\Andrea\\Desktop\\Programacion con obj1\\pacmanbasicgame-pabloandino0804-bit\u001b[39m\u001b[23m","ok":true,"timeElapsed":8037,"timestamp":"2025-09-02T13:23:45.085Z"}
{"exitCode":"SIGHUP","level":"info","message":"👾 Game executed pgmProgram.pacmanGame on c:\\Users\\Andrea\\Desktop\\Programacion con obj1\\pacmanbasicgame-pabloandino0804-bit","timeElapsed":77054,"timestamp":"2025-09-02T13:24:54.039Z"}
{"level":"info","message":"⌛ Building environment","timeElapsed":1849,"timestamp":"2025-09-02T13:27:11.028Z"}
{"level":"info","message":"⌛ Building environment","timeElapsed":2185,"timestamp":"2025-09-02T13:28:49.263Z"}
{"level":"info","message":"⌛ Building environment","timeElapsed":1241,"timestamp":"2025-09-02T13:28:50.633Z"}
{"level":"info","message":"⌛ Validating example.wlk","timeElapsed":2366,"timestamp":"2025-09-02T13:28:53.397Z"}
{"level":"info","message":"⌛ Validating pgmProgram.wpgm","timeElapsed":1172,"timestamp":"2025-09-02T13:28:54.820Z"}
{"level":"info","message":"⌛ Building environment","timeElapsed":2586,"timestamp":"2025-09-02T14:18:51.100Z"}
{"level":"info","message":"⌛ Building environment","timeElapsed":1700,"timestamp":"2025-09-02T14:18:52.824Z"}
{"level":"info","message":"⌛ Building environment","timeElapsed":1180,"timestamp":"2025-09-02T14:18:54.191Z"}
{"level":"info","message":"⌛ Validating pgmProgram.wpgm","timeElapsed":2782,"timestamp":"2025-09-02T14:18:57.095Z"}
{"level":"info","message":"⌛ Building environment","timeElapsed":1118,"timestamp":"2025-09-02T14:18:58.257Z"}
{"level":"info","message":"⌛ Validating example.wlk","timeElapsed":1605,"timestamp":"2025-09-02T14:19:00.080Z"}
{"level":"info","message":"⌛ Validating pgmProgram.wpgm","timeElapsed":1258,"timestamp":"2025-09-02T14:19:01.351Z"}
{"level":"info","message":"⌛ Validating example.wlk","timeElapsed":775,"timestamp":"2025-09-02T14:19:02.161Z"}
{"level":"info","message":"⌛ Building environment","timeElapsed":3404,"timestamp":"2025-09-06T13:10:36.212Z"}
{"level":"info","message":"⌛ Building environment","timeElapsed":1232,"timestamp":"2025-09-06T13:10:37.644Z"}
{"level":"info","message":"⌛ Building environment","timeElapsed":1115,"timestamp":"2025-09-06T13:10:38.847Z"}
{"level":"info","message":"⌛ Validating example.wlk","timeElapsed":4334,"timestamp":"2025-09-06T13:10:43.199Z"}
{"level":"info","message":"⌛ Building environment","timeElapsed":1773,"timestamp":"2025-09-06T13:10:44.981Z"}
{"level":"info","message":"⌛ Validating pgmProgram.wpgm","timeElapsed":1874,"timestamp":"2025-09-06T13:10:47.049Z"}
{"level":"info","message":"⌛ Validating example.wlk","timeElapsed":1687,"timestamp":"2025-09-06T13:10:48.767Z"}
{"level":"info","message":"⌛ Validating pgmProgram.wpgm","timeElapsed":819,"timestamp":"2025-09-06T13:10:49.599Z"}
{"level":"info","message":"⌛ Building environment","timeElapsed":2026,"timestamp":"2025-09-06T13:15:14.309Z"}
{"level":"info","message":"⌛ Validating pgmProgram.wpgm","timeElapsed":2766,"timestamp":"2025-09-06T13:15:17.260Z"}
